<?xml version="1.0" encoding="UTF-8"?>
<testsuite xmlns:xsi="http://www.w3.org/2001/XMLSchema-instance" xsi:noNamespaceSchemaLocation="https://maven.apache.org/surefire/maven-surefire-plugin/xsd/surefire-test-report.xsd" name="test.java.com.test.webservice.service.CustomerServiceTest" time="0.823" tests="5" errors="0" skipped="0" failures="0">
  <properties>
[...]
</properties>
  <testcase name="getCustomerByEmailTest" classname="test.java.com.test.webservice.service.CustomerServiceTest" time="0.804"/>
  <testcase name="addCustomerTest" classname="test.java.com.test.webservice.service.CustomerServiceTest" time="0.001"/>
  <testcase name="deleteCustomerTest" classname="test.java.com.test.webservice.service.CustomerServiceTest" time="0.001"/>
  <testcase name="updateCustomerTest" classname="test.java.com.test.webservice.service.CustomerServiceTest" time="0.001"/>
  <testcase name="getAllCustomersTest" classname="test.java.com.test.webservice.service.CustomerServiceTest" time="0.002"/>
</testsuite>